<?xml version="1.0" encoding="UTF-8" standalone="no"?>
<testsuite errors="0" failures="1" name="io.cucumber.core.plugin.JUnitFormatter" skipped="0" tests="3" time="71.54">
<testcase classname="Walmartta Urun Arama" name="TC08_kullanici walmartta aramakutusu kullanarak arama yapar" time="39.888">
<system-out><![CDATA[Given kullanici "https://walmart.com" sayfasina gider.......................passed
And kullanici  walmart aramakutusuna "watch" yazar ve arar..................passed
Then kullanici walmart sonuc sayisini ekrana yazdirir.......................passed
]]></system-out>
</testcase>
<testcase classname="Walmartta Urun Arama" name="TC08_kullanici walmartta aramakutusu kullanarak arama yapar 2" time="18.594">
<system-out><![CDATA[Given kullanici "https://walmart.com" sayfasina gider.......................passed
And kullanici  walmart aramakutusuna "calculator" yazar ve arar.............passed
Then kullanici walmart sonuc sayisini ekrana yazdirir.......................passed
]]></system-out>
</testcase>
<testcase classname="Walmartta Urun Arama" name="TC08_kullanici walmartta aramakutusu kullanarak arama yapar 3" time="12.234">
<failure message="Cannot locate an element using class name=result-summary-container&#10;For documentation on this error, please visit: https://www.seleniumhq.org/exceptions/no_such_element.html&#10;Build info: version: '3.141.59', revision: 'e82be7d358', time: '2018-11-14T08:17:03'&#10;System info: host: 'DESKTOP-02L31QB', ip: '192.168.0.135', os.name: 'Windows 10', os.arch: 'amd64', os.version: '10.0', java.version: '1.8.0_241'&#10;Driver info: driver.version: RemoteWebDriver" type="org.openqa.selenium.NoSuchElementException"><![CDATA[Given kullanici "https://walmart.com" sayfasina gider.......................passed
And kullanici  walmart aramakutusuna "flower" yazar ve arar.................passed
Then kullanici walmart sonuc sayisini ekrana yazdirir.......................failed

StackTrace:
org.openqa.selenium.NoSuchElementException: Cannot locate an element using class name=result-summary-container
For documentation on this error, please visit: https://www.seleniumhq.org/exceptions/no_such_element.html
Build info: version: '3.141.59', revision: 'e82be7d358', time: '2018-11-14T08:17:03'
System info: host: 'DESKTOP-02L31QB', ip: '192.168.0.135', os.name: 'Windows 10', os.arch: 'amd64', os.version: '10.0', java.version: '1.8.0_241'
Driver info: driver.version: RemoteWebDriver
	at org.openqa.selenium.remote.RemoteWebDriver.findElement(RemoteWebDriver.java:327)
	at org.openqa.selenium.remote.RemoteWebDriver.findElementByClassName(RemoteWebDriver.java:412)
	at org.openqa.selenium.By$ByClassName.findElement(By.java:389)
	at org.openqa.selenium.remote.RemoteWebDriver.findElement(RemoteWebDriver.java:315)
	at org.openqa.selenium.support.pagefactory.DefaultElementLocator.findElement(DefaultElementLocator.java:69)
	at org.openqa.selenium.support.pagefactory.internal.LocatingElementHandler.invoke(LocatingElementHandler.java:38)
	at com.sun.proxy.$Proxy16.getText(Unknown Source)
	at stepdefinitions.WalmartStepDefinitions.kullanici_walmart_sonuc_sayisini_ekrana_yazdirir(WalmartStepDefinitions.java:27)
	at âœ½.kullanici walmart sonuc sayisini ekrana yazdirir(file:///C:/Users/admin/IdeaProjects/CucumberProje/src/test/resources/features/walmart.feature:6)
]]></failure>
</testcase>
</testsuite>
